Starting training
  dataset_root: dataset/cleaned
  model_type:   denoised_cnn
  epochs:       10
  batch_size:   32
  lr:           1e-4
  out_dir:      models
  max_samples:  0
Activating virtual environment and dependencies...
Looking in links: /cvmfs/soft.computecanada.ca/custom/python/wheelhouse/gentoo2023/x86-64-v4, /cvmfs/soft.computecanada.ca/custom/python/wheelhouse/gentoo2023/x86-64-v3, /cvmfs/soft.computecanada.ca/custom/python/wheelhouse/gentoo2023/generic, /cvmfs/soft.computecanada.ca/custom/python/wheelhouse/generic
Requirement already satisfied: facenet-pytorch in ./.venv/lib/python3.11/site-packages (2.6.0)
Using device: cuda
Training images:   160002
Validation images: 49428
Checkpoints & metrics → models/denoised_cnn/
Figures               → figures/denoised_cnn/
  [Epoch 1 | Batch 0/5001] Avg Loss: 0.8163
  [Epoch 1 | Batch 20/5001] Avg Loss: 0.7000
  [Epoch 1 | Batch 40/5001] Avg Loss: 0.6765
  [Epoch 1 | Batch 60/5001] Avg Loss: 0.6498
  [Epoch 1 | Batch 80/5001] Avg Loss: 0.6276
  [Epoch 1 | Batch 100/5001] Avg Loss: 0.6004
  [Epoch 1 | Batch 120/5001] Avg Loss: 0.5879
  [Epoch 1 | Batch 140/5001] Avg Loss: 0.5650
  [Epoch 1 | Batch 160/5001] Avg Loss: 0.5514
  [Epoch 1 | Batch 180/5001] Avg Loss: 0.5344
  [Epoch 1 | Batch 200/5001] Avg Loss: 0.5185
  [Epoch 1 | Batch 220/5001] Avg Loss: 0.5058
  [Epoch 1 | Batch 240/5001] Avg Loss: 0.4910
  [Epoch 1 | Batch 260/5001] Avg Loss: 0.4805
  [Epoch 1 | Batch 280/5001] Avg Loss: 0.4706
  [Epoch 1 | Batch 300/5001] Avg Loss: 0.4640
  [Epoch 1 | Batch 320/5001] Avg Loss: 0.4573
  [Epoch 1 | Batch 340/5001] Avg Loss: 0.4476
  [Epoch 1 | Batch 360/5001] Avg Loss: 0.4376
  [Epoch 1 | Batch 380/5001] Avg Loss: 0.4295
  [Epoch 1 | Batch 400/5001] Avg Loss: 0.4231
  [Epoch 1 | Batch 420/5001] Avg Loss: 0.4165
  [Epoch 1 | Batch 440/5001] Avg Loss: 0.4093
  [Epoch 1 | Batch 460/5001] Avg Loss: 0.4022
  [Epoch 1 | Batch 480/5001] Avg Loss: 0.3973
  [Epoch 1 | Batch 500/5001] Avg Loss: 0.3908
  [Epoch 1 | Batch 520/5001] Avg Loss: 0.3861
  [Epoch 1 | Batch 540/5001] Avg Loss: 0.3820
  [Epoch 1 | Batch 560/5001] Avg Loss: 0.3780
  [Epoch 1 | Batch 580/5001] Avg Loss: 0.3749
  [Epoch 1 | Batch 600/5001] Avg Loss: 0.3709
  [Epoch 1 | Batch 620/5001] Avg Loss: 0.3674
  [Epoch 1 | Batch 640/5001] Avg Loss: 0.3630
  [Epoch 1 | Batch 660/5001] Avg Loss: 0.3585
  [Epoch 1 | Batch 680/5001] Avg Loss: 0.3556
  [Epoch 1 | Batch 700/5001] Avg Loss: 0.3531
  [Epoch 1 | Batch 720/5001] Avg Loss: 0.3497
  [Epoch 1 | Batch 740/5001] Avg Loss: 0.3459
  [Epoch 1 | Batch 760/5001] Avg Loss: 0.3414
  [Epoch 1 | Batch 780/5001] Avg Loss: 0.3383
  [Epoch 1 | Batch 800/5001] Avg Loss: 0.3349
  [Epoch 1 | Batch 820/5001] Avg Loss: 0.3321
  [Epoch 1 | Batch 840/5001] Avg Loss: 0.3302
  [Epoch 1 | Batch 860/5001] Avg Loss: 0.3277
  [Epoch 1 | Batch 880/5001] Avg Loss: 0.3245
  [Epoch 1 | Batch 900/5001] Avg Loss: 0.3228
  [Epoch 1 | Batch 920/5001] Avg Loss: 0.3199
  [Epoch 1 | Batch 940/5001] Avg Loss: 0.3174
  [Epoch 1 | Batch 960/5001] Avg Loss: 0.3154
  [Epoch 1 | Batch 980/5001] Avg Loss: 0.3131
  [Epoch 1 | Batch 1000/5001] Avg Loss: 0.3107
  [Epoch 1 | Batch 1020/5001] Avg Loss: 0.3082
  [Epoch 1 | Batch 1040/5001] Avg Loss: 0.3065
  [Epoch 1 | Batch 1060/5001] Avg Loss: 0.3041
  [Epoch 1 | Batch 1080/5001] Avg Loss: 0.3019
  [Epoch 1 | Batch 1100/5001] Avg Loss: 0.3006
  [Epoch 1 | Batch 1120/5001] Avg Loss: 0.2980
  [Epoch 1 | Batch 1140/5001] Avg Loss: 0.2957
  [Epoch 1 | Batch 1160/5001] Avg Loss: 0.2935
  [Epoch 1 | Batch 1180/5001] Avg Loss: 0.2918
  [Epoch 1 | Batch 1200/5001] Avg Loss: 0.2903
  [Epoch 1 | Batch 1220/5001] Avg Loss: 0.2890
  [Epoch 1 | Batch 1240/5001] Avg Loss: 0.2870
  [Epoch 1 | Batch 1260/5001] Avg Loss: 0.2859
  [Epoch 1 | Batch 1280/5001] Avg Loss: 0.2846
  [Epoch 1 | Batch 1300/5001] Avg Loss: 0.2834
  [Epoch 1 | Batch 1320/5001] Avg Loss: 0.2822
  [Epoch 1 | Batch 1340/5001] Avg Loss: 0.2809
  [Epoch 1 | Batch 1360/5001] Avg Loss: 0.2795
  [Epoch 1 | Batch 1380/5001] Avg Loss: 0.2782
  [Epoch 1 | Batch 1400/5001] Avg Loss: 0.2771
  [Epoch 1 | Batch 1420/5001] Avg Loss: 0.2759
  [Epoch 1 | Batch 1440/5001] Avg Loss: 0.2745
  [Epoch 1 | Batch 1460/5001] Avg Loss: 0.2731
  [Epoch 1 | Batch 1480/5001] Avg Loss: 0.2718
  [Epoch 1 | Batch 1500/5001] Avg Loss: 0.2708
  [Epoch 1 | Batch 1520/5001] Avg Loss: 0.2698
  [Epoch 1 | Batch 1540/5001] Avg Loss: 0.2684
  [Epoch 1 | Batch 1560/5001] Avg Loss: 0.2674
  [Epoch 1 | Batch 1580/5001] Avg Loss: 0.2661
  [Epoch 1 | Batch 1600/5001] Avg Loss: 0.2651
  [Epoch 1 | Batch 1620/5001] Avg Loss: 0.2638
  [Epoch 1 | Batch 1640/5001] Avg Loss: 0.2624
  [Epoch 1 | Batch 1660/5001] Avg Loss: 0.2614
  [Epoch 1 | Batch 1680/5001] Avg Loss: 0.2603
  [Epoch 1 | Batch 1700/5001] Avg Loss: 0.2591
  [Epoch 1 | Batch 1720/5001] Avg Loss: 0.2584
  [Epoch 1 | Batch 1740/5001] Avg Loss: 0.2576
  [Epoch 1 | Batch 1760/5001] Avg Loss: 0.2568
  [Epoch 1 | Batch 1780/5001] Avg Loss: 0.2559
  [Epoch 1 | Batch 1800/5001] Avg Loss: 0.2552
  [Epoch 1 | Batch 1820/5001] Avg Loss: 0.2542
  [Epoch 1 | Batch 1840/5001] Avg Loss: 0.2534
  [Epoch 1 | Batch 1860/5001] Avg Loss: 0.2524
  [Epoch 1 | Batch 1880/5001] Avg Loss: 0.2516
  [Epoch 1 | Batch 1900/5001] Avg Loss: 0.2507
  [Epoch 1 | Batch 1920/5001] Avg Loss: 0.2495
  [Epoch 1 | Batch 1940/5001] Avg Loss: 0.2487
  [Epoch 1 | Batch 1960/5001] Avg Loss: 0.2479
  [Epoch 1 | Batch 1980/5001] Avg Loss: 0.2471
  [Epoch 1 | Batch 2000/5001] Avg Loss: 0.2465
  [Epoch 1 | Batch 2020/5001] Avg Loss: 0.2459
  [Epoch 1 | Batch 2040/5001] Avg Loss: 0.2450
  [Epoch 1 | Batch 2060/5001] Avg Loss: 0.2441
  [Epoch 1 | Batch 2080/5001] Avg Loss: 0.2431
  [Epoch 1 | Batch 2100/5001] Avg Loss: 0.2424
  [Epoch 1 | Batch 2120/5001] Avg Loss: 0.2418
  [Epoch 1 | Batch 2140/5001] Avg Loss: 0.2409
  [Epoch 1 | Batch 2160/5001] Avg Loss: 0.2402
  [Epoch 1 | Batch 2180/5001] Avg Loss: 0.2392
  [Epoch 1 | Batch 2200/5001] Avg Loss: 0.2385
  [Epoch 1 | Batch 2220/5001] Avg Loss: 0.2378
  [Epoch 1 | Batch 2240/5001] Avg Loss: 0.2372
  [Epoch 1 | Batch 2260/5001] Avg Loss: 0.2365
  [Epoch 1 | Batch 2280/5001] Avg Loss: 0.2361
  [Epoch 1 | Batch 2300/5001] Avg Loss: 0.2357
  [Epoch 1 | Batch 2320/5001] Avg Loss: 0.2349
  [Epoch 1 | Batch 2340/5001] Avg Loss: 0.2343
  [Epoch 1 | Batch 2360/5001] Avg Loss: 0.2335
  [Epoch 1 | Batch 2380/5001] Avg Loss: 0.2328
  [Epoch 1 | Batch 2400/5001] Avg Loss: 0.2322
  [Epoch 1 | Batch 2420/5001] Avg Loss: 0.2315
  [Epoch 1 | Batch 2440/5001] Avg Loss: 0.2307
  [Epoch 1 | Batch 2460/5001] Avg Loss: 0.2299
  [Epoch 1 | Batch 2480/5001] Avg Loss: 0.2293
  [Epoch 1 | Batch 2500/5001] Avg Loss: 0.2285
  [Epoch 1 | Batch 2520/5001] Avg Loss: 0.2275
  [Epoch 1 | Batch 2540/5001] Avg Loss: 0.2271
  [Epoch 1 | Batch 2560/5001] Avg Loss: 0.2265
  [Epoch 1 | Batch 2580/5001] Avg Loss: 0.2260
  [Epoch 1 | Batch 2600/5001] Avg Loss: 0.2253
  [Epoch 1 | Batch 2620/5001] Avg Loss: 0.2246
  [Epoch 1 | Batch 2640/5001] Avg Loss: 0.2240
  [Epoch 1 | Batch 2660/5001] Avg Loss: 0.2235
  [Epoch 1 | Batch 2680/5001] Avg Loss: 0.2233
  [Epoch 1 | Batch 2700/5001] Avg Loss: 0.2226
  [Epoch 1 | Batch 2720/5001] Avg Loss: 0.2221
  [Epoch 1 | Batch 2740/5001] Avg Loss: 0.2213
  [Epoch 1 | Batch 2760/5001] Avg Loss: 0.2207
  [Epoch 1 | Batch 2780/5001] Avg Loss: 0.2200
  [Epoch 1 | Batch 2800/5001] Avg Loss: 0.2194
  [Epoch 1 | Batch 2820/5001] Avg Loss: 0.2190
  [Epoch 1 | Batch 2840/5001] Avg Loss: 0.2185
  [Epoch 1 | Batch 2860/5001] Avg Loss: 0.2181
  [Epoch 1 | Batch 2880/5001] Avg Loss: 0.2174
  [Epoch 1 | Batch 2900/5001] Avg Loss: 0.2168
  [Epoch 1 | Batch 2920/5001] Avg Loss: 0.2163
  [Epoch 1 | Batch 2940/5001] Avg Loss: 0.2160
  [Epoch 1 | Batch 2960/5001] Avg Loss: 0.2155
  [Epoch 1 | Batch 2980/5001] Avg Loss: 0.2153
  [Epoch 1 | Batch 3000/5001] Avg Loss: 0.2147
  [Epoch 1 | Batch 3020/5001] Avg Loss: 0.2141
  [Epoch 1 | Batch 3040/5001] Avg Loss: 0.2136
  [Epoch 1 | Batch 3060/5001] Avg Loss: 0.2131
  [Epoch 1 | Batch 3080/5001] Avg Loss: 0.2124
  [Epoch 1 | Batch 3100/5001] Avg Loss: 0.2118
  [Epoch 1 | Batch 3120/5001] Avg Loss: 0.2112
  [Epoch 1 | Batch 3140/5001] Avg Loss: 0.2105
  [Epoch 1 | Batch 3160/5001] Avg Loss: 0.2100
  [Epoch 1 | Batch 3180/5001] Avg Loss: 0.2096
  [Epoch 1 | Batch 3200/5001] Avg Loss: 0.2091
  [Epoch 1 | Batch 3220/5001] Avg Loss: 0.2087
  [Epoch 1 | Batch 3240/5001] Avg Loss: 0.2083
  [Epoch 1 | Batch 3260/5001] Avg Loss: 0.2082
  [Epoch 1 | Batch 3280/5001] Avg Loss: 0.2080
  [Epoch 1 | Batch 3300/5001] Avg Loss: 0.2075
  [Epoch 1 | Batch 3320/5001] Avg Loss: 0.2072
  [Epoch 1 | Batch 3340/5001] Avg Loss: 0.2068
  [Epoch 1 | Batch 3360/5001] Avg Loss: 0.2063
  [Epoch 1 | Batch 3380/5001] Avg Loss: 0.2059
  [Epoch 1 | Batch 3400/5001] Avg Loss: 0.2055
  [Epoch 1 | Batch 3420/5001] Avg Loss: 0.2051
  [Epoch 1 | Batch 3440/5001] Avg Loss: 0.2049
  [Epoch 1 | Batch 3460/5001] Avg Loss: 0.2045
  [Epoch 1 | Batch 3480/5001] Avg Loss: 0.2042
  [Epoch 1 | Batch 3500/5001] Avg Loss: 0.2039
  [Epoch 1 | Batch 3520/5001] Avg Loss: 0.2036
  [Epoch 1 | Batch 3540/5001] Avg Loss: 0.2031
  [Epoch 1 | Batch 3560/5001] Avg Loss: 0.2029
  [Epoch 1 | Batch 3580/5001] Avg Loss: 0.2026
  [Epoch 1 | Batch 3600/5001] Avg Loss: 0.2022
  [Epoch 1 | Batch 3620/5001] Avg Loss: 0.2018
  [Epoch 1 | Batch 3640/5001] Avg Loss: 0.2014
  [Epoch 1 | Batch 3660/5001] Avg Loss: 0.2011
  [Epoch 1 | Batch 3680/5001] Avg Loss: 0.2007
  [Epoch 1 | Batch 3700/5001] Avg Loss: 0.2004
  [Epoch 1 | Batch 3720/5001] Avg Loss: 0.2000
  [Epoch 1 | Batch 3740/5001] Avg Loss: 0.1995
  [Epoch 1 | Batch 3760/5001] Avg Loss: 0.1992
  [Epoch 1 | Batch 3780/5001] Avg Loss: 0.1988
  [Epoch 1 | Batch 3800/5001] Avg Loss: 0.1985
  [Epoch 1 | Batch 3820/5001] Avg Loss: 0.1982
  [Epoch 1 | Batch 3840/5001] Avg Loss: 0.1979
  [Epoch 1 | Batch 3860/5001] Avg Loss: 0.1977
  [Epoch 1 | Batch 3880/5001] Avg Loss: 0.1971
  [Epoch 1 | Batch 3900/5001] Avg Loss: 0.1968
  [Epoch 1 | Batch 3920/5001] Avg Loss: 0.1964
  [Epoch 1 | Batch 3940/5001] Avg Loss: 0.1961
  [Epoch 1 | Batch 3960/5001] Avg Loss: 0.1958
  [Epoch 1 | Batch 3980/5001] Avg Loss: 0.1954
  [Epoch 1 | Batch 4000/5001] Avg Loss: 0.1950
  [Epoch 1 | Batch 4020/5001] Avg Loss: 0.1948
  [Epoch 1 | Batch 4040/5001] Avg Loss: 0.1944
  [Epoch 1 | Batch 4060/5001] Avg Loss: 0.1941
  [Epoch 1 | Batch 4080/5001] Avg Loss: 0.1937
  [Epoch 1 | Batch 4100/5001] Avg Loss: 0.1934
  [Epoch 1 | Batch 4120/5001] Avg Loss: 0.1934
  [Epoch 1 | Batch 4140/5001] Avg Loss: 0.1932
  [Epoch 1 | Batch 4160/5001] Avg Loss: 0.1929
  [Epoch 1 | Batch 4180/5001] Avg Loss: 0.1925
  [Epoch 1 | Batch 4200/5001] Avg Loss: 0.1923
  [Epoch 1 | Batch 4220/5001] Avg Loss: 0.1922
  [Epoch 1 | Batch 4240/5001] Avg Loss: 0.1919
  [Epoch 1 | Batch 4260/5001] Avg Loss: 0.1915
  [Epoch 1 | Batch 4280/5001] Avg Loss: 0.1912
  [Epoch 1 | Batch 4300/5001] Avg Loss: 0.1908
  [Epoch 1 | Batch 4320/5001] Avg Loss: 0.1906
  [Epoch 1 | Batch 4340/5001] Avg Loss: 0.1904
  [Epoch 1 | Batch 4360/5001] Avg Loss: 0.1902
  [Epoch 1 | Batch 4380/5001] Avg Loss: 0.1898
  [Epoch 1 | Batch 4400/5001] Avg Loss: 0.1897
  [Epoch 1 | Batch 4420/5001] Avg Loss: 0.1895
  [Epoch 1 | Batch 4440/5001] Avg Loss: 0.1892
  [Epoch 1 | Batch 4460/5001] Avg Loss: 0.1889
  [Epoch 1 | Batch 4480/5001] Avg Loss: 0.1886
  [Epoch 1 | Batch 4500/5001] Avg Loss: 0.1885
  [Epoch 1 | Batch 4520/5001] Avg Loss: 0.1882
  [Epoch 1 | Batch 4540/5001] Avg Loss: 0.1879
  [Epoch 1 | Batch 4560/5001] Avg Loss: 0.1876
  [Epoch 1 | Batch 4580/5001] Avg Loss: 0.1873
  [Epoch 1 | Batch 4600/5001] Avg Loss: 0.1871
  [Epoch 1 | Batch 4620/5001] Avg Loss: 0.1868
  [Epoch 1 | Batch 4640/5001] Avg Loss: 0.1866
  [Epoch 1 | Batch 4660/5001] Avg Loss: 0.1864
  [Epoch 1 | Batch 4680/5001] Avg Loss: 0.1861
  [Epoch 1 | Batch 4700/5001] Avg Loss: 0.1859
  [Epoch 1 | Batch 4720/5001] Avg Loss: 0.1856
  [Epoch 1 | Batch 4740/5001] Avg Loss: 0.1853
  [Epoch 1 | Batch 4760/5001] Avg Loss: 0.1851
  [Epoch 1 | Batch 4780/5001] Avg Loss: 0.1849
  [Epoch 1 | Batch 4800/5001] Avg Loss: 0.1846
  [Epoch 1 | Batch 4820/5001] Avg Loss: 0.1845
  [Epoch 1 | Batch 4840/5001] Avg Loss: 0.1843
  [Epoch 1 | Batch 4860/5001] Avg Loss: 0.1841
  [Epoch 1 | Batch 4880/5001] Avg Loss: 0.1838
  [Epoch 1 | Batch 4900/5001] Avg Loss: 0.1835
  [Epoch 1 | Batch 4920/5001] Avg Loss: 0.1832
  [Epoch 1 | Batch 4940/5001] Avg Loss: 0.1830
  [Epoch 1 | Batch 4960/5001] Avg Loss: 0.1827
  [Epoch 1 | Batch 4980/5001] Avg Loss: 0.1825
  [Epoch 1 | Batch 5000/5001] Avg Loss: 0.1823
Epoch 1/10 — train loss: 0.1823 — 1380.1s
  val loss: 0.1650  |  AUC: 0.9836  |  Acc: 0.9296  |  P: 0.9247  R: 0.9357  F1: 0.9302
  >> Saved best checkpoint to models/denoised_cnn/best_denoised_cnn.pt
  [Epoch 2 | Batch 0/5001] Avg Loss: 0.0550
  [Epoch 2 | Batch 20/5001] Avg Loss: 0.1036
  [Epoch 2 | Batch 40/5001] Avg Loss: 0.0978
  [Epoch 2 | Batch 60/5001] Avg Loss: 0.0908
  [Epoch 2 | Batch 80/5001] Avg Loss: 0.0931
  [Epoch 2 | Batch 100/5001] Avg Loss: 0.0967
  [Epoch 2 | Batch 120/5001] Avg Loss: 0.0976
  [Epoch 2 | Batch 140/5001] Avg Loss: 0.0992
  [Epoch 2 | Batch 160/5001] Avg Loss: 0.1024
  [Epoch 2 | Batch 180/5001] Avg Loss: 0.1023
  [Epoch 2 | Batch 200/5001] Avg Loss: 0.1063
  [Epoch 2 | Batch 220/5001] Avg Loss: 0.1055
  [Epoch 2 | Batch 240/5001] Avg Loss: 0.1066
  [Epoch 2 | Batch 260/5001] Avg Loss: 0.1062
  [Epoch 2 | Batch 280/5001] Avg Loss: 0.1089
  [Epoch 2 | Batch 300/5001] Avg Loss: 0.1073
  [Epoch 2 | Batch 320/5001] Avg Loss: 0.1095
  [Epoch 2 | Batch 340/5001] Avg Loss: 0.1087
  [Epoch 2 | Batch 360/5001] Avg Loss: 0.1098
  [Epoch 2 | Batch 380/5001] Avg Loss: 0.1115
  [Epoch 2 | Batch 400/5001] Avg Loss: 0.1132
  [Epoch 2 | Batch 420/5001] Avg Loss: 0.1132
  [Epoch 2 | Batch 440/5001] Avg Loss: 0.1139
  [Epoch 2 | Batch 460/5001] Avg Loss: 0.1137
  [Epoch 2 | Batch 480/5001] Avg Loss: 0.1140
  [Epoch 2 | Batch 500/5001] Avg Loss: 0.1127
  [Epoch 2 | Batch 520/5001] Avg Loss: 0.1115
  [Epoch 2 | Batch 540/5001] Avg Loss: 0.1128
  [Epoch 2 | Batch 560/5001] Avg Loss: 0.1133
  [Epoch 2 | Batch 580/5001] Avg Loss: 0.1136
  [Epoch 2 | Batch 600/5001] Avg Loss: 0.1138
  [Epoch 2 | Batch 620/5001] Avg Loss: 0.1143
  [Epoch 2 | Batch 640/5001] Avg Loss: 0.1142
  [Epoch 2 | Batch 660/5001] Avg Loss: 0.1136
  [Epoch 2 | Batch 680/5001] Avg Loss: 0.1128
  [Epoch 2 | Batch 700/5001] Avg Loss: 0.1124
  [Epoch 2 | Batch 720/5001] Avg Loss: 0.1119
  [Epoch 2 | Batch 740/5001] Avg Loss: 0.1134
  [Epoch 2 | Batch 760/5001] Avg Loss: 0.1133
  [Epoch 2 | Batch 780/5001] Avg Loss: 0.1137
  [Epoch 2 | Batch 800/5001] Avg Loss: 0.1133
  [Epoch 2 | Batch 820/5001] Avg Loss: 0.1134
  [Epoch 2 | Batch 840/5001] Avg Loss: 0.1140
  [Epoch 2 | Batch 860/5001] Avg Loss: 0.1140
  [Epoch 2 | Batch 880/5001] Avg Loss: 0.1141
  [Epoch 2 | Batch 900/5001] Avg Loss: 0.1142
  [Epoch 2 | Batch 920/5001] Avg Loss: 0.1137
  [Epoch 2 | Batch 940/5001] Avg Loss: 0.1140
  [Epoch 2 | Batch 960/5001] Avg Loss: 0.1142
  [Epoch 2 | Batch 980/5001] Avg Loss: 0.1145
  [Epoch 2 | Batch 1000/5001] Avg Loss: 0.1141
  [Epoch 2 | Batch 1020/5001] Avg Loss: 0.1142
  [Epoch 2 | Batch 1040/5001] Avg Loss: 0.1136
  [Epoch 2 | Batch 1060/5001] Avg Loss: 0.1132
  [Epoch 2 | Batch 1080/5001] Avg Loss: 0.1136
  [Epoch 2 | Batch 1100/5001] Avg Loss: 0.1132
  [Epoch 2 | Batch 1120/5001] Avg Loss: 0.1134
  [Epoch 2 | Batch 1140/5001] Avg Loss: 0.1136
  [Epoch 2 | Batch 1160/5001] Avg Loss: 0.1132
  [Epoch 2 | Batch 1180/5001] Avg Loss: 0.1129
  [Epoch 2 | Batch 1200/5001] Avg Loss: 0.1126
  [Epoch 2 | Batch 1220/5001] Avg Loss: 0.1128
  [Epoch 2 | Batch 1240/5001] Avg Loss: 0.1123
  [Epoch 2 | Batch 1260/5001] Avg Loss: 0.1123
  [Epoch 2 | Batch 1280/5001] Avg Loss: 0.1121
  [Epoch 2 | Batch 1300/5001] Avg Loss: 0.1118
  [Epoch 2 | Batch 1320/5001] Avg Loss: 0.1119
  [Epoch 2 | Batch 1340/5001] Avg Loss: 0.1120
  [Epoch 2 | Batch 1360/5001] Avg Loss: 0.1119
  [Epoch 2 | Batch 1380/5001] Avg Loss: 0.1116
  [Epoch 2 | Batch 1400/5001] Avg Loss: 0.1113
  [Epoch 2 | Batch 1420/5001] Avg Loss: 0.1115
  [Epoch 2 | Batch 1440/5001] Avg Loss: 0.1114
  [Epoch 2 | Batch 1460/5001] Avg Loss: 0.1112
  [Epoch 2 | Batch 1480/5001] Avg Loss: 0.1109
  [Epoch 2 | Batch 1500/5001] Avg Loss: 0.1105
  [Epoch 2 | Batch 1520/5001] Avg Loss: 0.1105
  [Epoch 2 | Batch 1540/5001] Avg Loss: 0.1106
  [Epoch 2 | Batch 1560/5001] Avg Loss: 0.1106
  [Epoch 2 | Batch 1580/5001] Avg Loss: 0.1106
  [Epoch 2 | Batch 1600/5001] Avg Loss: 0.1107
  [Epoch 2 | Batch 1620/5001] Avg Loss: 0.1110
  [Epoch 2 | Batch 1640/5001] Avg Loss: 0.1110
  [Epoch 2 | Batch 1660/5001] Avg Loss: 0.1111
  [Epoch 2 | Batch 1680/5001] Avg Loss: 0.1110
  [Epoch 2 | Batch 1700/5001] Avg Loss: 0.1112
  [Epoch 2 | Batch 1720/5001] Avg Loss: 0.1114
  [Epoch 2 | Batch 1740/5001] Avg Loss: 0.1114
  [Epoch 2 | Batch 1760/5001] Avg Loss: 0.1113
  [Epoch 2 | Batch 1780/5001] Avg Loss: 0.1112
  [Epoch 2 | Batch 1800/5001] Avg Loss: 0.1110
  [Epoch 2 | Batch 1820/5001] Avg Loss: 0.1107
  [Epoch 2 | Batch 1840/5001] Avg Loss: 0.1105
  [Epoch 2 | Batch 1860/5001] Avg Loss: 0.1106
  [Epoch 2 | Batch 1880/5001] Avg Loss: 0.1102
  [Epoch 2 | Batch 1900/5001] Avg Loss: 0.1103
  [Epoch 2 | Batch 1920/5001] Avg Loss: 0.1106
  [Epoch 2 | Batch 1940/5001] Avg Loss: 0.1105
  [Epoch 2 | Batch 1960/5001] Avg Loss: 0.1108
  [Epoch 2 | Batch 1980/5001] Avg Loss: 0.1108
  [Epoch 2 | Batch 2000/5001] Avg Loss: 0.1107
  [Epoch 2 | Batch 2020/5001] Avg Loss: 0.1106
  [Epoch 2 | Batch 2040/5001] Avg Loss: 0.1105
  [Epoch 2 | Batch 2060/5001] Avg Loss: 0.1104
  [Epoch 2 | Batch 2080/5001] Avg Loss: 0.1103
  [Epoch 2 | Batch 2100/5001] Avg Loss: 0.1103
  [Epoch 2 | Batch 2120/5001] Avg Loss: 0.1102
  [Epoch 2 | Batch 2140/5001] Avg Loss: 0.1101
  [Epoch 2 | Batch 2160/5001] Avg Loss: 0.1101
  [Epoch 2 | Batch 2180/5001] Avg Loss: 0.1101
  [Epoch 2 | Batch 2200/5001] Avg Loss: 0.1100
  [Epoch 2 | Batch 2220/5001] Avg Loss: 0.1098
  [Epoch 2 | Batch 2240/5001] Avg Loss: 0.1099
  [Epoch 2 | Batch 2260/5001] Avg Loss: 0.1098
  [Epoch 2 | Batch 2280/5001] Avg Loss: 0.1098
  [Epoch 2 | Batch 2300/5001] Avg Loss: 0.1097
  [Epoch 2 | Batch 2320/5001] Avg Loss: 0.1097
  [Epoch 2 | Batch 2340/5001] Avg Loss: 0.1097
  [Epoch 2 | Batch 2360/5001] Avg Loss: 0.1095
  [Epoch 2 | Batch 2380/5001] Avg Loss: 0.1096
  [Epoch 2 | Batch 2400/5001] Avg Loss: 0.1096
  [Epoch 2 | Batch 2420/5001] Avg Loss: 0.1094
  [Epoch 2 | Batch 2440/5001] Avg Loss: 0.1092
  [Epoch 2 | Batch 2460/5001] Avg Loss: 0.1091
  [Epoch 2 | Batch 2480/5001] Avg Loss: 0.1090
  [Epoch 2 | Batch 2500/5001] Avg Loss: 0.1090
  [Epoch 2 | Batch 2520/5001] Avg Loss: 0.1089
  [Epoch 2 | Batch 2540/5001] Avg Loss: 0.1090
  [Epoch 2 | Batch 2560/5001] Avg Loss: 0.1090
  [Epoch 2 | Batch 2580/5001] Avg Loss: 0.1090
  [Epoch 2 | Batch 2600/5001] Avg Loss: 0.1089
  [Epoch 2 | Batch 2620/5001] Avg Loss: 0.1089
  [Epoch 2 | Batch 2640/5001] Avg Loss: 0.1090
  [Epoch 2 | Batch 2660/5001] Avg Loss: 0.1090
  [Epoch 2 | Batch 2680/5001] Avg Loss: 0.1091
  [Epoch 2 | Batch 2700/5001] Avg Loss: 0.1091
  [Epoch 2 | Batch 2720/5001] Avg Loss: 0.1090
  [Epoch 2 | Batch 2740/5001] Avg Loss: 0.1090
  [Epoch 2 | Batch 2760/5001] Avg Loss: 0.1088
  [Epoch 2 | Batch 2780/5001] Avg Loss: 0.1087
  [Epoch 2 | Batch 2800/5001] Avg Loss: 0.1087
  [Epoch 2 | Batch 2820/5001] Avg Loss: 0.1087
  [Epoch 2 | Batch 2840/5001] Avg Loss: 0.1085
  [Epoch 2 | Batch 2860/5001] Avg Loss: 0.1084
  [Epoch 2 | Batch 2880/5001] Avg Loss: 0.1083
  [Epoch 2 | Batch 2900/5001] Avg Loss: 0.1083
  [Epoch 2 | Batch 2920/5001] Avg Loss: 0.1082
  [Epoch 2 | Batch 2940/5001] Avg Loss: 0.1082
  [Epoch 2 | Batch 2960/5001] Avg Loss: 0.1081
  [Epoch 2 | Batch 2980/5001] Avg Loss: 0.1081
  [Epoch 2 | Batch 3000/5001] Avg Loss: 0.1082
  [Epoch 2 | Batch 3020/5001] Avg Loss: 0.1083
  [Epoch 2 | Batch 3040/5001] Avg Loss: 0.1083
  [Epoch 2 | Batch 3060/5001] Avg Loss: 0.1084
  [Epoch 2 | Batch 3080/5001] Avg Loss: 0.1084
  [Epoch 2 | Batch 3100/5001] Avg Loss: 0.1082
  [Epoch 2 | Batch 3120/5001] Avg Loss: 0.1081
  [Epoch 2 | Batch 3140/5001] Avg Loss: 0.1080
  [Epoch 2 | Batch 3160/5001] Avg Loss: 0.1080
  [Epoch 2 | Batch 3180/5001] Avg Loss: 0.1078
  [Epoch 2 | Batch 3200/5001] Avg Loss: 0.1077
  [Epoch 2 | Batch 3220/5001] Avg Loss: 0.1077
  [Epoch 2 | Batch 3240/5001] Avg Loss: 0.1078
  [Epoch 2 | Batch 3260/5001] Avg Loss: 0.1077
  [Epoch 2 | Batch 3280/5001] Avg Loss: 0.1077
  [Epoch 2 | Batch 3300/5001] Avg Loss: 0.1079
  [Epoch 2 | Batch 3320/5001] Avg Loss: 0.1080
  [Epoch 2 | Batch 3340/5001] Avg Loss: 0.1080
  [Epoch 2 | Batch 3360/5001] Avg Loss: 0.1079
  [Epoch 2 | Batch 3380/5001] Avg Loss: 0.1078
  [Epoch 2 | Batch 3400/5001] Avg Loss: 0.1078
  [Epoch 2 | Batch 3420/5001] Avg Loss: 0.1077
  [Epoch 2 | Batch 3440/5001] Avg Loss: 0.1076
  [Epoch 2 | Batch 3460/5001] Avg Loss: 0.1074
  [Epoch 2 | Batch 3480/5001] Avg Loss: 0.1075
  [Epoch 2 | Batch 3500/5001] Avg Loss: 0.1073
  [Epoch 2 | Batch 3520/5001] Avg Loss: 0.1073
  [Epoch 2 | Batch 3540/5001] Avg Loss: 0.1072
  [Epoch 2 | Batch 3560/5001] Avg Loss: 0.1072
  [Epoch 2 | Batch 3580/5001] Avg Loss: 0.1071
  [Epoch 2 | Batch 3600/5001] Avg Loss: 0.1070
  [Epoch 2 | Batch 3620/5001] Avg Loss: 0.1069
  [Epoch 2 | Batch 3640/5001] Avg Loss: 0.1068
  [Epoch 2 | Batch 3660/5001] Avg Loss: 0.1067
  [Epoch 2 | Batch 3680/5001] Avg Loss: 0.1067
  [Epoch 2 | Batch 3700/5001] Avg Loss: 0.1067
  [Epoch 2 | Batch 3720/5001] Avg Loss: 0.1067
  [Epoch 2 | Batch 3740/5001] Avg Loss: 0.1066
  [Epoch 2 | Batch 3760/5001] Avg Loss: 0.1065
  [Epoch 2 | Batch 3780/5001] Avg Loss: 0.1065
  [Epoch 2 | Batch 3800/5001] Avg Loss: 0.1065
  [Epoch 2 | Batch 3820/5001] Avg Loss: 0.1064
  [Epoch 2 | Batch 3840/5001] Avg Loss: 0.1065
  [Epoch 2 | Batch 3860/5001] Avg Loss: 0.1065
  [Epoch 2 | Batch 3880/5001] Avg Loss: 0.1063
  [Epoch 2 | Batch 3900/5001] Avg Loss: 0.1062
  [Epoch 2 | Batch 3920/5001] Avg Loss: 0.1062
  [Epoch 2 | Batch 3940/5001] Avg Loss: 0.1062
  [Epoch 2 | Batch 3960/5001] Avg Loss: 0.1062
  [Epoch 2 | Batch 3980/5001] Avg Loss: 0.1061
  [Epoch 2 | Batch 4000/5001] Avg Loss: 0.1060
  [Epoch 2 | Batch 4020/5001] Avg Loss: 0.1059
  [Epoch 2 | Batch 4040/5001] Avg Loss: 0.1059
  [Epoch 2 | Batch 4060/5001] Avg Loss: 0.1059
  [Epoch 2 | Batch 4080/5001] Avg Loss: 0.1060
  [Epoch 2 | Batch 4100/5001] Avg Loss: 0.1059
  [Epoch 2 | Batch 4120/5001] Avg Loss: 0.1058
  [Epoch 2 | Batch 4140/5001] Avg Loss: 0.1059
  [Epoch 2 | Batch 4160/5001] Avg Loss: 0.1058
  [Epoch 2 | Batch 4180/5001] Avg Loss: 0.1058
  [Epoch 2 | Batch 4200/5001] Avg Loss: 0.1058
  [Epoch 2 | Batch 4220/5001] Avg Loss: 0.1057
  [Epoch 2 | Batch 4240/5001] Avg Loss: 0.1057
  [Epoch 2 | Batch 4260/5001] Avg Loss: 0.1055
  [Epoch 2 | Batch 4280/5001] Avg Loss: 0.1054
  [Epoch 2 | Batch 4300/5001] Avg Loss: 0.1055
  [Epoch 2 | Batch 4320/5001] Avg Loss: 0.1054
  [Epoch 2 | Batch 4340/5001] Avg Loss: 0.1056
  [Epoch 2 | Batch 4360/5001] Avg Loss: 0.1055
  [Epoch 2 | Batch 4380/5001] Avg Loss: 0.1054
  [Epoch 2 | Batch 4400/5001] Avg Loss: 0.1054
  [Epoch 2 | Batch 4420/5001] Avg Loss: 0.1054
  [Epoch 2 | Batch 4440/5001] Avg Loss: 0.1054
  [Epoch 2 | Batch 4460/5001] Avg Loss: 0.1054
  [Epoch 2 | Batch 4480/5001] Avg Loss: 0.1053
  [Epoch 2 | Batch 4500/5001] Avg Loss: 0.1051
  [Epoch 2 | Batch 4520/5001] Avg Loss: 0.1051
  [Epoch 2 | Batch 4540/5001] Avg Loss: 0.1050
  [Epoch 2 | Batch 4560/5001] Avg Loss: 0.1050
  [Epoch 2 | Batch 4580/5001] Avg Loss: 0.1050
  [Epoch 2 | Batch 4600/5001] Avg Loss: 0.1049
  [Epoch 2 | Batch 4620/5001] Avg Loss: 0.1049
  [Epoch 2 | Batch 4640/5001] Avg Loss: 0.1048
  [Epoch 2 | Batch 4660/5001] Avg Loss: 0.1047
  [Epoch 2 | Batch 4680/5001] Avg Loss: 0.1046
  [Epoch 2 | Batch 4700/5001] Avg Loss: 0.1046
  [Epoch 2 | Batch 4720/5001] Avg Loss: 0.1045
  [Epoch 2 | Batch 4740/5001] Avg Loss: 0.1044
  [Epoch 2 | Batch 4760/5001] Avg Loss: 0.1044
  [Epoch 2 | Batch 4780/5001] Avg Loss: 0.1044
  [Epoch 2 | Batch 4800/5001] Avg Loss: 0.1043
  [Epoch 2 | Batch 4820/5001] Avg Loss: 0.1043
  [Epoch 2 | Batch 4840/5001] Avg Loss: 0.1042
  [Epoch 2 | Batch 4860/5001] Avg Loss: 0.1042
  [Epoch 2 | Batch 4880/5001] Avg Loss: 0.1041
  [Epoch 2 | Batch 4900/5001] Avg Loss: 0.1040
  [Epoch 2 | Batch 4920/5001] Avg Loss: 0.1041
  [Epoch 2 | Batch 4940/5001] Avg Loss: 0.1040
  [Epoch 2 | Batch 4960/5001] Avg Loss: 0.1040
  [Epoch 2 | Batch 4980/5001] Avg Loss: 0.1039
  [Epoch 2 | Batch 5000/5001] Avg Loss: 0.1038
Epoch 2/10 — train loss: 0.1038 — 1378.8s
  val loss: 0.1458  |  AUC: 0.9898  |  Acc: 0.9445  |  P: 0.9227  R: 0.9706  F1: 0.9461
  >> Saved best checkpoint to models/denoised_cnn/best_denoised_cnn.pt
  [Epoch 3 | Batch 0/5001] Avg Loss: 0.0360
  [Epoch 3 | Batch 20/5001] Avg Loss: 0.0948
  [Epoch 3 | Batch 40/5001] Avg Loss: 0.0979
  [Epoch 3 | Batch 60/5001] Avg Loss: 0.0874
  [Epoch 3 | Batch 80/5001] Avg Loss: 0.0862
  [Epoch 3 | Batch 100/5001] Avg Loss: 0.0839
  [Epoch 3 | Batch 120/5001] Avg Loss: 0.0844
  [Epoch 3 | Batch 140/5001] Avg Loss: 0.0885
  [Epoch 3 | Batch 160/5001] Avg Loss: 0.0891
  [Epoch 3 | Batch 180/5001] Avg Loss: 0.0899
  [Epoch 3 | Batch 200/5001] Avg Loss: 0.0889
  [Epoch 3 | Batch 220/5001] Avg Loss: 0.0861
  [Epoch 3 | Batch 240/5001] Avg Loss: 0.0858
  [Epoch 3 | Batch 260/5001] Avg Loss: 0.0861
  [Epoch 3 | Batch 280/5001] Avg Loss: 0.0871
  [Epoch 3 | Batch 300/5001] Avg Loss: 0.0870
  [Epoch 3 | Batch 320/5001] Avg Loss: 0.0861
  [Epoch 3 | Batch 340/5001] Avg Loss: 0.0853
  [Epoch 3 | Batch 360/5001] Avg Loss: 0.0847
  [Epoch 3 | Batch 380/5001] Avg Loss: 0.0839
  [Epoch 3 | Batch 400/5001] Avg Loss: 0.0837
  [Epoch 3 | Batch 420/5001] Avg Loss: 0.0844
  [Epoch 3 | Batch 440/5001] Avg Loss: 0.0846
  [Epoch 3 | Batch 460/5001] Avg Loss: 0.0851
  [Epoch 3 | Batch 480/5001] Avg Loss: 0.0847
  [Epoch 3 | Batch 500/5001] Avg Loss: 0.0844
  [Epoch 3 | Batch 520/5001] Avg Loss: 0.0850
  [Epoch 3 | Batch 540/5001] Avg Loss: 0.0848
  [Epoch 3 | Batch 560/5001] Avg Loss: 0.0856
  [Epoch 3 | Batch 580/5001] Avg Loss: 0.0864
  [Epoch 3 | Batch 600/5001] Avg Loss: 0.0853
  [Epoch 3 | Batch 620/5001] Avg Loss: 0.0848
  [Epoch 3 | Batch 640/5001] Avg Loss: 0.0844
  [Epoch 3 | Batch 660/5001] Avg Loss: 0.0846
  [Epoch 3 | Batch 680/5001] Avg Loss: 0.0847
  [Epoch 3 | Batch 700/5001] Avg Loss: 0.0843
  [Epoch 3 | Batch 720/5001] Avg Loss: 0.0838
  [Epoch 3 | Batch 740/5001] Avg Loss: 0.0834
  [Epoch 3 | Batch 760/5001] Avg Loss: 0.0832
  [Epoch 3 | Batch 780/5001] Avg Loss: 0.0833
  [Epoch 3 | Batch 800/5001] Avg Loss: 0.0827
  [Epoch 3 | Batch 820/5001] Avg Loss: 0.0829
  [Epoch 3 | Batch 840/5001] Avg Loss: 0.0824
  [Epoch 3 | Batch 860/5001] Avg Loss: 0.0827
  [Epoch 3 | Batch 880/5001] Avg Loss: 0.0834
  [Epoch 3 | Batch 900/5001] Avg Loss: 0.0836
  [Epoch 3 | Batch 920/5001] Avg Loss: 0.0834
  [Epoch 3 | Batch 940/5001] Avg Loss: 0.0836
  [Epoch 3 | Batch 960/5001] Avg Loss: 0.0834
  [Epoch 3 | Batch 980/5001] Avg Loss: 0.0832
  [Epoch 3 | Batch 1000/5001] Avg Loss: 0.0834
  [Epoch 3 | Batch 1020/5001] Avg Loss: 0.0832
  [Epoch 3 | Batch 1040/5001] Avg Loss: 0.0835
  [Epoch 3 | Batch 1060/5001] Avg Loss: 0.0839
  [Epoch 3 | Batch 1080/5001] Avg Loss: 0.0841
  [Epoch 3 | Batch 1100/5001] Avg Loss: 0.0842
  [Epoch 3 | Batch 1120/5001] Avg Loss: 0.0842
  [Epoch 3 | Batch 1140/5001] Avg Loss: 0.0838
  [Epoch 3 | Batch 1160/5001] Avg Loss: 0.0839
  [Epoch 3 | Batch 1180/5001] Avg Loss: 0.0837
  [Epoch 3 | Batch 1200/5001] Avg Loss: 0.0837
  [Epoch 3 | Batch 1220/5001] Avg Loss: 0.0832
  [Epoch 3 | Batch 1240/5001] Avg Loss: 0.0834
  [Epoch 3 | Batch 1260/5001] Avg Loss: 0.0833
  [Epoch 3 | Batch 1280/5001] Avg Loss: 0.0829
  [Epoch 3 | Batch 1300/5001] Avg Loss: 0.0829
  [Epoch 3 | Batch 1320/5001] Avg Loss: 0.0833
  [Epoch 3 | Batch 1340/5001] Avg Loss: 0.0831
  [Epoch 3 | Batch 1360/5001] Avg Loss: 0.0830
  [Epoch 3 | Batch 1380/5001] Avg Loss: 0.0832
  [Epoch 3 | Batch 1400/5001] Avg Loss: 0.0833
  [Epoch 3 | Batch 1420/5001] Avg Loss: 0.0837
  [Epoch 3 | Batch 1440/5001] Avg Loss: 0.0836
  [Epoch 3 | Batch 1460/5001] Avg Loss: 0.0835
  [Epoch 3 | Batch 1480/5001] Avg Loss: 0.0835
  [Epoch 3 | Batch 1500/5001] Avg Loss: 0.0833
  [Epoch 3 | Batch 1520/5001] Avg Loss: 0.0834
  [Epoch 3 | Batch 1540/5001] Avg Loss: 0.0830
  [Epoch 3 | Batch 1560/5001] Avg Loss: 0.0828
  [Epoch 3 | Batch 1580/5001] Avg Loss: 0.0828
  [Epoch 3 | Batch 1600/5001] Avg Loss: 0.0828
  [Epoch 3 | Batch 1620/5001] Avg Loss: 0.0828
  [Epoch 3 | Batch 1640/5001] Avg Loss: 0.0831
  [Epoch 3 | Batch 1660/5001] Avg Loss: 0.0834
  [Epoch 3 | Batch 1680/5001] Avg Loss: 0.0833
  [Epoch 3 | Batch 1700/5001] Avg Loss: 0.0832
  [Epoch 3 | Batch 1720/5001] Avg Loss: 0.0830
  [Epoch 3 | Batch 1740/5001] Avg Loss: 0.0828
  [Epoch 3 | Batch 1760/5001] Avg Loss: 0.0825
  [Epoch 3 | Batch 1780/5001] Avg Loss: 0.0826
  [Epoch 3 | Batch 1800/5001] Avg Loss: 0.0828
  [Epoch 3 | Batch 1820/5001] Avg Loss: 0.0826
  [Epoch 3 | Batch 1840/5001] Avg Loss: 0.0825
  [Epoch 3 | Batch 1860/5001] Avg Loss: 0.0824
  [Epoch 3 | Batch 1880/5001] Avg Loss: 0.0823
  [Epoch 3 | Batch 1900/5001] Avg Loss: 0.0822
  [Epoch 3 | Batch 1920/5001] Avg Loss: 0.0827
  [Epoch 3 | Batch 1940/5001] Avg Loss: 0.0828
  [Epoch 3 | Batch 1960/5001] Avg Loss: 0.0829
  [Epoch 3 | Batch 1980/5001] Avg Loss: 0.0829
  [Epoch 3 | Batch 2000/5001] Avg Loss: 0.0830
  [Epoch 3 | Batch 2020/5001] Avg Loss: 0.0830
  [Epoch 3 | Batch 2040/5001] Avg Loss: 0.0829
  [Epoch 3 | Batch 2060/5001] Avg Loss: 0.0830
  [Epoch 3 | Batch 2080/5001] Avg Loss: 0.0827
  [Epoch 3 | Batch 2100/5001] Avg Loss: 0.0825
  [Epoch 3 | Batch 2120/5001] Avg Loss: 0.0824
  [Epoch 3 | Batch 2140/5001] Avg Loss: 0.0823
  [Epoch 3 | Batch 2160/5001] Avg Loss: 0.0821
  [Epoch 3 | Batch 2180/5001] Avg Loss: 0.0824
  [Epoch 3 | Batch 2200/5001] Avg Loss: 0.0824
  [Epoch 3 | Batch 2220/5001] Avg Loss: 0.0824
  [Epoch 3 | Batch 2240/5001] Avg Loss: 0.0824
  [Epoch 3 | Batch 2260/5001] Avg Loss: 0.0822
  [Epoch 3 | Batch 2280/5001] Avg Loss: 0.0823
  [Epoch 3 | Batch 2300/5001] Avg Loss: 0.0823
  [Epoch 3 | Batch 2320/5001] Avg Loss: 0.0822
  [Epoch 3 | Batch 2340/5001] Avg Loss: 0.0822
  [Epoch 3 | Batch 2360/5001] Avg Loss: 0.0822
  [Epoch 3 | Batch 2380/5001] Avg Loss: 0.0821
  [Epoch 3 | Batch 2400/5001] Avg Loss: 0.0824
  [Epoch 3 | Batch 2420/5001] Avg Loss: 0.0823
  [Epoch 3 | Batch 2440/5001] Avg Loss: 0.0823
  [Epoch 3 | Batch 2460/5001] Avg Loss: 0.0821
  [Epoch 3 | Batch 2480/5001] Avg Loss: 0.0819
  [Epoch 3 | Batch 2500/5001] Avg Loss: 0.0819
  [Epoch 3 | Batch 2520/5001] Avg Loss: 0.0819
  [Epoch 3 | Batch 2540/5001] Avg Loss: 0.0818
  [Epoch 3 | Batch 2560/5001] Avg Loss: 0.0820
  [Epoch 3 | Batch 2580/5001] Avg Loss: 0.0817
  [Epoch 3 | Batch 2600/5001] Avg Loss: 0.0815
  [Epoch 3 | Batch 2620/5001] Avg Loss: 0.0813
  [Epoch 3 | Batch 2640/5001] Avg Loss: 0.0812
  [Epoch 3 | Batch 2660/5001] Avg Loss: 0.0812
  [Epoch 3 | Batch 2680/5001] Avg Loss: 0.0811
  [Epoch 3 | Batch 2700/5001] Avg Loss: 0.0811
  [Epoch 3 | Batch 2720/5001] Avg Loss: 0.0809
  [Epoch 3 | Batch 2740/5001] Avg Loss: 0.0809
  [Epoch 3 | Batch 2760/5001] Avg Loss: 0.0809
  [Epoch 3 | Batch 2780/5001] Avg Loss: 0.0810
  [Epoch 3 | Batch 2800/5001] Avg Loss: 0.0810
  [Epoch 3 | Batch 2820/5001] Avg Loss: 0.0811
  [Epoch 3 | Batch 2840/5001] Avg Loss: 0.0812
  [Epoch 3 | Batch 2860/5001] Avg Loss: 0.0812
  [Epoch 3 | Batch 2880/5001] Avg Loss: 0.0812
  [Epoch 3 | Batch 2900/5001] Avg Loss: 0.0812
  [Epoch 3 | Batch 2920/5001] Avg Loss: 0.0811
  [Epoch 3 | Batch 2940/5001] Avg Loss: 0.0811
  [Epoch 3 | Batch 2960/5001] Avg Loss: 0.0811
  [Epoch 3 | Batch 2980/5001] Avg Loss: 0.0811
  [Epoch 3 | Batch 3000/5001] Avg Loss: 0.0810
  [Epoch 3 | Batch 3020/5001] Avg Loss: 0.0811
  [Epoch 3 | Batch 3040/5001] Avg Loss: 0.0810
  [Epoch 3 | Batch 3060/5001] Avg Loss: 0.0810
  [Epoch 3 | Batch 3080/5001] Avg Loss: 0.0809
  [Epoch 3 | Batch 3100/5001] Avg Loss: 0.0809
  [Epoch 3 | Batch 3120/5001] Avg Loss: 0.0812
  [Epoch 3 | Batch 3140/5001] Avg Loss: 0.0812
  [Epoch 3 | Batch 3160/5001] Avg Loss: 0.0811
  [Epoch 3 | Batch 3180/5001] Avg Loss: 0.0811
  [Epoch 3 | Batch 3200/5001] Avg Loss: 0.0809
  [Epoch 3 | Batch 3220/5001] Avg Loss: 0.0809
  [Epoch 3 | Batch 3240/5001] Avg Loss: 0.0809
  [Epoch 3 | Batch 3260/5001] Avg Loss: 0.0809
  [Epoch 3 | Batch 3280/5001] Avg Loss: 0.0811
  [Epoch 3 | Batch 3300/5001] Avg Loss: 0.0813
  [Epoch 3 | Batch 3320/5001] Avg Loss: 0.0813
  [Epoch 3 | Batch 3340/5001] Avg Loss: 0.0814
  [Epoch 3 | Batch 3360/5001] Avg Loss: 0.0815
  [Epoch 3 | Batch 3380/5001] Avg Loss: 0.0816
  [Epoch 3 | Batch 3400/5001] Avg Loss: 0.0816
  [Epoch 3 | Batch 3420/5001] Avg Loss: 0.0816
  [Epoch 3 | Batch 3440/5001] Avg Loss: 0.0814
  [Epoch 3 | Batch 3460/5001] Avg Loss: 0.0813
  [Epoch 3 | Batch 3480/5001] Avg Loss: 0.0813
  [Epoch 3 | Batch 3500/5001] Avg Loss: 0.0813
  [Epoch 3 | Batch 3520/5001] Avg Loss: 0.0813
  [Epoch 3 | Batch 3540/5001] Avg Loss: 0.0812
  [Epoch 3 | Batch 3560/5001] Avg Loss: 0.0811
  [Epoch 3 | Batch 3580/5001] Avg Loss: 0.0811
  [Epoch 3 | Batch 3600/5001] Avg Loss: 0.0812
  [Epoch 3 | Batch 3620/5001] Avg Loss: 0.0812
  [Epoch 3 | Batch 3640/5001] Avg Loss: 0.0811
  [Epoch 3 | Batch 3660/5001] Avg Loss: 0.0812
  [Epoch 3 | Batch 3680/5001] Avg Loss: 0.0810
  [Epoch 3 | Batch 3700/5001] Avg Loss: 0.0810
  [Epoch 3 | Batch 3720/5001] Avg Loss: 0.0811
  [Epoch 3 | Batch 3740/5001] Avg Loss: 0.0810
  [Epoch 3 | Batch 3760/5001] Avg Loss: 0.0811
  [Epoch 3 | Batch 3780/5001] Avg Loss: 0.0811
  [Epoch 3 | Batch 3800/5001] Avg Loss: 0.0811
  [Epoch 3 | Batch 3820/5001] Avg Loss: 0.0811
  [Epoch 3 | Batch 3840/5001] Avg Loss: 0.0811
  [Epoch 3 | Batch 3860/5001] Avg Loss: 0.0810
  [Epoch 3 | Batch 3880/5001] Avg Loss: 0.0810
  [Epoch 3 | Batch 3900/5001] Avg Loss: 0.0810
  [Epoch 3 | Batch 3920/5001] Avg Loss: 0.0810
  [Epoch 3 | Batch 3940/5001] Avg Loss: 0.0810
  [Epoch 3 | Batch 3960/5001] Avg Loss: 0.0809
  [Epoch 3 | Batch 3980/5001] Avg Loss: 0.0809
  [Epoch 3 | Batch 4000/5001] Avg Loss: 0.0810
  [Epoch 3 | Batch 4020/5001] Avg Loss: 0.0809
  [Epoch 3 | Batch 4040/5001] Avg Loss: 0.0809
  [Epoch 3 | Batch 4060/5001] Avg Loss: 0.0811
  [Epoch 3 | Batch 4080/5001] Avg Loss: 0.0810
  [Epoch 3 | Batch 4100/5001] Avg Loss: 0.0810
  [Epoch 3 | Batch 4120/5001] Avg Loss: 0.0810
  [Epoch 3 | Batch 4140/5001] Avg Loss: 0.0809
  [Epoch 3 | Batch 4160/5001] Avg Loss: 0.0808
  [Epoch 3 | Batch 4180/5001] Avg Loss: 0.0808
  [Epoch 3 | Batch 4200/5001] Avg Loss: 0.0808
  [Epoch 3 | Batch 4220/5001] Avg Loss: 0.0808
  [Epoch 3 | Batch 4240/5001] Avg Loss: 0.0807
  [Epoch 3 | Batch 4260/5001] Avg Loss: 0.0809
  [Epoch 3 | Batch 4280/5001] Avg Loss: 0.0809
  [Epoch 3 | Batch 4300/5001] Avg Loss: 0.0808
  [Epoch 3 | Batch 4320/5001] Avg Loss: 0.0808
  [Epoch 3 | Batch 4340/5001] Avg Loss: 0.0807
  [Epoch 3 | Batch 4360/5001] Avg Loss: 0.0806
  [Epoch 3 | Batch 4380/5001] Avg Loss: 0.0807
  [Epoch 3 | Batch 4400/5001] Avg Loss: 0.0808
  [Epoch 3 | Batch 4420/5001] Avg Loss: 0.0809
  [Epoch 3 | Batch 4440/5001] Avg Loss: 0.0808
  [Epoch 3 | Batch 4460/5001] Avg Loss: 0.0809
  [Epoch 3 | Batch 4480/5001] Avg Loss: 0.0810
  [Epoch 3 | Batch 4500/5001] Avg Loss: 0.0810
  [Epoch 3 | Batch 4520/5001] Avg Loss: 0.0811
  [Epoch 3 | Batch 4540/5001] Avg Loss: 0.0811
  [Epoch 3 | Batch 4560/5001] Avg Loss: 0.0812
  [Epoch 3 | Batch 4580/5001] Avg Loss: 0.0810
  [Epoch 3 | Batch 4600/5001] Avg Loss: 0.0810
  [Epoch 3 | Batch 4620/5001] Avg Loss: 0.0810
  [Epoch 3 | Batch 4640/5001] Avg Loss: 0.0809
  [Epoch 3 | Batch 4660/5001] Avg Loss: 0.0809
  [Epoch 3 | Batch 4680/5001] Avg Loss: 0.0808
  [Epoch 3 | Batch 4700/5001] Avg Loss: 0.0807
  [Epoch 3 | Batch 4720/5001] Avg Loss: 0.0807
  [Epoch 3 | Batch 4740/5001] Avg Loss: 0.0806
  [Epoch 3 | Batch 4760/5001] Avg Loss: 0.0806
  [Epoch 3 | Batch 4780/5001] Avg Loss: 0.0807
  [Epoch 3 | Batch 4800/5001] Avg Loss: 0.0808
  [Epoch 3 | Batch 4820/5001] Avg Loss: 0.0808
  [Epoch 3 | Batch 4840/5001] Avg Loss: 0.0808
  [Epoch 3 | Batch 4860/5001] Avg Loss: 0.0806
  [Epoch 3 | Batch 4880/5001] Avg Loss: 0.0807
  [Epoch 3 | Batch 4900/5001] Avg Loss: 0.0808
  [Epoch 3 | Batch 4920/5001] Avg Loss: 0.0808
  [Epoch 3 | Batch 4940/5001] Avg Loss: 0.0807
  [Epoch 3 | Batch 4960/5001] Avg Loss: 0.0807
  [Epoch 3 | Batch 4980/5001] Avg Loss: 0.0806
  [Epoch 3 | Batch 5000/5001] Avg Loss: 0.0806
Epoch 3/10 — train loss: 0.0806 — 1377.8s
  val loss: 0.1330  |  AUC: 0.9935  |  Acc: 0.9479  |  P: 0.9145  R: 0.9885  F1: 0.9500
  >> Saved best checkpoint to models/denoised_cnn/best_denoised_cnn.pt
